<?xml version="1.0" encoding="UTF-8"?>
<testng-results ignored="0" total="1" passed="1" failed="0" skipped="0">
  <reporter-output>
  </reporter-output>
  <suite started-at="2023-02-06T20:02:34 EST" name="Default suite" finished-at="2023-02-06T20:03:02 EST" duration-ms="28135">
    <groups>
    </groups>
    <test started-at="2023-02-06T20:02:34 EST" name="Default test" finished-at="2023-02-06T20:03:02 EST" duration-ms="28135">
      <class name="practice.HomePageTest">
        <test-method is-config="true" signature="init()[pri:0, instance:practice.HomePageTest@4fb3ee4e]" started-at="2023-02-06T20:02:34 EST" name="init" finished-at="2023-02-06T20:03:00 EST" duration-ms="26645" status="PASS">
          <reporter-output>
          </reporter-output>
        </test-method> <!-- init -->
        <test-method signature="homepageTest()[pri:0, instance:practice.HomePageTest@4fb3ee4e]" started-at="2023-02-06T20:03:00 EST" name="homepageTest" finished-at="2023-02-06T20:03:02 EST" duration-ms="1474" status="PASS">
          <reporter-output>
          </reporter-output>
        </test-method> <!-- homepageTest -->
      </class> <!-- practice.HomePageTest -->
    </test> <!-- Default test -->
  </suite> <!-- Default suite -->
</testng-results>
